  stdafx.cpp
  DemoUtil.cpp
  DemoThreads.cpp
  DemoSocket.cpp
  DemoHash.cpp
  DemoFiles.cpp
  DemoException.cpp
  DemoDateTime.cpp
  demo.cpp
  Génération de code en cours...
c:\users\seb\documents\scolarite\3- cours epsi\i4\cpp multithreading\projet\starter-kit-redist-v1.12\demo\demoexception.cpp(22): warning C4702: impossible d'atteindre le code
c:\users\seb\documents\scolarite\3- cours epsi\i4\cpp multithreading\projet\starter-kit-redist-v1.12\demo\demosocket.cpp(167): warning C4702: impossible d'atteindre le code
libutil-static-Win32-Debug-v140.lib(CUtil.obj) : warning LNK4099: PDB 'libutil-static.pdb' n'a pu être trouvé avec 'libutil-static-Win32-Debug-v140.lib(CUtil.obj)' ou sur 'C:\Users\Seb\Documents\SCOLARITE\3- COURS EPSI\I4\CPP MULTITHREADING\PROJET\starter-kit-redist-v1.12\output\libutil-static.pdb' ; l'objet sera lié sans informations de débogage
libutil-static-Win32-Debug-v140.lib(stdafx.obj) : warning LNK4099: PDB 'libutil-static.pdb' n'a pu être trouvé avec 'libutil-static-Win32-Debug-v140.lib(stdafx.obj)' ou sur 'C:\Users\Seb\Documents\SCOLARITE\3- COURS EPSI\I4\CPP MULTITHREADING\PROJET\starter-kit-redist-v1.12\output\libutil-static.pdb' ; l'objet sera lié sans informations de débogage
libpthread-static-Win32-Debug-v140.lib(pthread.obj) : warning LNK4099: PDB 'libpthread-static.pdb' n'a pu être trouvé avec 'libpthread-static-Win32-Debug-v140.lib(pthread.obj)' ou sur 'C:\Users\Seb\Documents\SCOLARITE\3- COURS EPSI\I4\CPP MULTITHREADING\PROJET\starter-kit-redist-v1.12\output\libpthread-static.pdb' ; l'objet sera lié sans informations de débogage
libcore-static-Win32-Debug-v140.lib(CDateTime.obj) : warning LNK4099: PDB 'libcore-static.pdb' n'a pu être trouvé avec 'libcore-static-Win32-Debug-v140.lib(CDateTime.obj)' ou sur 'C:\Users\Seb\Documents\SCOLARITE\3- COURS EPSI\I4\CPP MULTITHREADING\PROJET\starter-kit-redist-v1.12\output\libcore-static.pdb' ; l'objet sera lié sans informations de débogage
libcore-static-Win32-Debug-v140.lib(CException.obj) : warning LNK4099: PDB 'libcore-static.pdb' n'a pu être trouvé avec 'libcore-static-Win32-Debug-v140.lib(CException.obj)' ou sur 'C:\Users\Seb\Documents\SCOLARITE\3- COURS EPSI\I4\CPP MULTITHREADING\PROJET\starter-kit-redist-v1.12\output\libcore-static.pdb' ; l'objet sera lié sans informations de débogage
libcore-static-Win32-Debug-v140.lib(stdafx.obj) : warning LNK4099: PDB 'libcore-static.pdb' n'a pu être trouvé avec 'libcore-static-Win32-Debug-v140.lib(stdafx.obj)' ou sur 'C:\Users\Seb\Documents\SCOLARITE\3- COURS EPSI\I4\CPP MULTITHREADING\PROJET\starter-kit-redist-v1.12\output\libcore-static.pdb' ; l'objet sera lié sans informations de débogage
libsocket-static-Win32-Debug-v140.lib(CSocket.obj) : warning LNK4099: PDB 'libsocket-static.pdb' n'a pu être trouvé avec 'libsocket-static-Win32-Debug-v140.lib(CSocket.obj)' ou sur 'C:\Users\Seb\Documents\SCOLARITE\3- COURS EPSI\I4\CPP MULTITHREADING\PROJET\starter-kit-redist-v1.12\output\libsocket-static.pdb' ; l'objet sera lié sans informations de débogage
libsocket-static-Win32-Debug-v140.lib(CSocketIp4.obj) : warning LNK4099: PDB 'libsocket-static.pdb' n'a pu être trouvé avec 'libsocket-static-Win32-Debug-v140.lib(CSocketIp4.obj)' ou sur 'C:\Users\Seb\Documents\SCOLARITE\3- COURS EPSI\I4\CPP MULTITHREADING\PROJET\starter-kit-redist-v1.12\output\libsocket-static.pdb' ; l'objet sera lié sans informations de débogage
libsocket-static-Win32-Debug-v140.lib(CBrokenSocketException.obj) : warning LNK4099: PDB 'libsocket-static.pdb' n'a pu être trouvé avec 'libsocket-static-Win32-Debug-v140.lib(CBrokenSocketException.obj)' ou sur 'C:\Users\Seb\Documents\SCOLARITE\3- COURS EPSI\I4\CPP MULTITHREADING\PROJET\starter-kit-redist-v1.12\output\libsocket-static.pdb' ; l'objet sera lié sans informations de débogage
libsocket-static-Win32-Debug-v140.lib(CConnectionException.obj) : warning LNK4099: PDB 'libsocket-static.pdb' n'a pu être trouvé avec 'libsocket-static-Win32-Debug-v140.lib(CConnectionException.obj)' ou sur 'C:\Users\Seb\Documents\SCOLARITE\3- COURS EPSI\I4\CPP MULTITHREADING\PROJET\starter-kit-redist-v1.12\output\libsocket-static.pdb' ; l'objet sera lié sans informations de débogage
libsocket-static-Win32-Debug-v140.lib(CServerSocketException.obj) : warning LNK4099: PDB 'libsocket-static.pdb' n'a pu être trouvé avec 'libsocket-static-Win32-Debug-v140.lib(CServerSocketException.obj)' ou sur 'C:\Users\Seb\Documents\SCOLARITE\3- COURS EPSI\I4\CPP MULTITHREADING\PROJET\starter-kit-redist-v1.12\output\libsocket-static.pdb' ; l'objet sera lié sans informations de débogage
libsocket-static-Win32-Debug-v140.lib(CSocketIOException.obj) : warning LNK4099: PDB 'libsocket-static.pdb' n'a pu être trouvé avec 'libsocket-static-Win32-Debug-v140.lib(CSocketIOException.obj)' ou sur 'C:\Users\Seb\Documents\SCOLARITE\3- COURS EPSI\I4\CPP MULTITHREADING\PROJET\starter-kit-redist-v1.12\output\libsocket-static.pdb' ; l'objet sera lié sans informations de débogage
libsocket-static-Win32-Debug-v140.lib(stdafx.obj) : warning LNK4099: PDB 'libsocket-static.pdb' n'a pu être trouvé avec 'libsocket-static-Win32-Debug-v140.lib(stdafx.obj)' ou sur 'C:\Users\Seb\Documents\SCOLARITE\3- COURS EPSI\I4\CPP MULTITHREADING\PROJET\starter-kit-redist-v1.12\output\libsocket-static.pdb' ; l'objet sera lié sans informations de débogage
libhash-static-Win32-Debug-v140.lib(CHashCrc32.obj) : warning LNK4099: PDB 'libhash-static.pdb' n'a pu être trouvé avec 'libhash-static-Win32-Debug-v140.lib(CHashCrc32.obj)' ou sur 'C:\Users\Seb\Documents\SCOLARITE\3- COURS EPSI\I4\CPP MULTITHREADING\PROJET\starter-kit-redist-v1.12\output\libhash-static.pdb' ; l'objet sera lié sans informations de débogage
libhash-static-Win32-Debug-v140.lib(CHashMd5.obj) : warning LNK4099: PDB 'libhash-static.pdb' n'a pu être trouvé avec 'libhash-static-Win32-Debug-v140.lib(CHashMd5.obj)' ou sur 'C:\Users\Seb\Documents\SCOLARITE\3- COURS EPSI\I4\CPP MULTITHREADING\PROJET\starter-kit-redist-v1.12\output\libhash-static.pdb' ; l'objet sera lié sans informations de débogage
libhash-static-Win32-Debug-v140.lib(CHashSha1.obj) : warning LNK4099: PDB 'libhash-static.pdb' n'a pu être trouvé avec 'libhash-static-Win32-Debug-v140.lib(CHashSha1.obj)' ou sur 'C:\Users\Seb\Documents\SCOLARITE\3- COURS EPSI\I4\CPP MULTITHREADING\PROJET\starter-kit-redist-v1.12\output\libhash-static.pdb' ; l'objet sera lié sans informations de débogage
libhash-static-Win32-Debug-v140.lib(CHashSha224.obj) : warning LNK4099: PDB 'libhash-static.pdb' n'a pu être trouvé avec 'libhash-static-Win32-Debug-v140.lib(CHashSha224.obj)' ou sur 'C:\Users\Seb\Documents\SCOLARITE\3- COURS EPSI\I4\CPP MULTITHREADING\PROJET\starter-kit-redist-v1.12\output\libhash-static.pdb' ; l'objet sera lié sans informations de débogage
libhash-static-Win32-Debug-v140.lib(CHashSha256.obj) : warning LNK4099: PDB 'libhash-static.pdb' n'a pu être trouvé avec 'libhash-static-Win32-Debug-v140.lib(CHashSha256.obj)' ou sur 'C:\Users\Seb\Documents\SCOLARITE\3- COURS EPSI\I4\CPP MULTITHREADING\PROJET\starter-kit-redist-v1.12\output\libhash-static.pdb' ; l'objet sera lié sans informations de débogage
libhash-static-Win32-Debug-v140.lib(crc32.obj) : warning LNK4099: PDB 'libhash-static.pdb' n'a pu être trouvé avec 'libhash-static-Win32-Debug-v140.lib(crc32.obj)' ou sur 'C:\Users\Seb\Documents\SCOLARITE\3- COURS EPSI\I4\CPP MULTITHREADING\PROJET\starter-kit-redist-v1.12\output\libhash-static.pdb' ; l'objet sera lié sans informations de débogage
libhash-static-Win32-Debug-v140.lib(md5.obj) : warning LNK4099: PDB 'libhash-static.pdb' n'a pu être trouvé avec 'libhash-static-Win32-Debug-v140.lib(md5.obj)' ou sur 'C:\Users\Seb\Documents\SCOLARITE\3- COURS EPSI\I4\CPP MULTITHREADING\PROJET\starter-kit-redist-v1.12\output\libhash-static.pdb' ; l'objet sera lié sans informations de débogage
libhash-static-Win32-Debug-v140.lib(sha1.obj) : warning LNK4099: PDB 'libhash-static.pdb' n'a pu être trouvé avec 'libhash-static-Win32-Debug-v140.lib(sha1.obj)' ou sur 'C:\Users\Seb\Documents\SCOLARITE\3- COURS EPSI\I4\CPP MULTITHREADING\PROJET\starter-kit-redist-v1.12\output\libhash-static.pdb' ; l'objet sera lié sans informations de débogage
libhash-static-Win32-Debug-v140.lib(sha2.obj) : warning LNK4099: PDB 'libhash-static.pdb' n'a pu être trouvé avec 'libhash-static-Win32-Debug-v140.lib(sha2.obj)' ou sur 'C:\Users\Seb\Documents\SCOLARITE\3- COURS EPSI\I4\CPP MULTITHREADING\PROJET\starter-kit-redist-v1.12\output\libhash-static.pdb' ; l'objet sera lié sans informations de débogage
libhash-static-Win32-Debug-v140.lib(stdafx.obj) : warning LNK4099: PDB 'libhash-static.pdb' n'a pu être trouvé avec 'libhash-static-Win32-Debug-v140.lib(stdafx.obj)' ou sur 'C:\Users\Seb\Documents\SCOLARITE\3- COURS EPSI\I4\CPP MULTITHREADING\PROJET\starter-kit-redist-v1.12\output\libhash-static.pdb' ; l'objet sera lié sans informations de débogage
libfile-static-Win32-Debug-v140.lib(CFile.obj) : warning LNK4099: PDB 'libfile-static.pdb' n'a pu être trouvé avec 'libfile-static-Win32-Debug-v140.lib(CFile.obj)' ou sur 'C:\Users\Seb\Documents\SCOLARITE\3- COURS EPSI\I4\CPP MULTITHREADING\PROJET\starter-kit-redist-v1.12\output\libfile-static.pdb' ; l'objet sera lié sans informations de débogage
libfile-static-Win32-Debug-v140.lib(CFileBinary.obj) : warning LNK4099: PDB 'libfile-static.pdb' n'a pu être trouvé avec 'libfile-static-Win32-Debug-v140.lib(CFileBinary.obj)' ou sur 'C:\Users\Seb\Documents\SCOLARITE\3- COURS EPSI\I4\CPP MULTITHREADING\PROJET\starter-kit-redist-v1.12\output\libfile-static.pdb' ; l'objet sera lié sans informations de débogage
libfile-static-Win32-Debug-v140.lib(CFileIOException.obj) : warning LNK4099: PDB 'libfile-static.pdb' n'a pu être trouvé avec 'libfile-static-Win32-Debug-v140.lib(CFileIOException.obj)' ou sur 'C:\Users\Seb\Documents\SCOLARITE\3- COURS EPSI\I4\CPP MULTITHREADING\PROJET\starter-kit-redist-v1.12\output\libfile-static.pdb' ; l'objet sera lié sans informations de débogage
libfile-static-Win32-Debug-v140.lib(CFileNotFoundException.obj) : warning LNK4099: PDB 'libfile-static.pdb' n'a pu être trouvé avec 'libfile-static-Win32-Debug-v140.lib(CFileNotFoundException.obj)' ou sur 'C:\Users\Seb\Documents\SCOLARITE\3- COURS EPSI\I4\CPP MULTITHREADING\PROJET\starter-kit-redist-v1.12\output\libfile-static.pdb' ; l'objet sera lié sans informations de débogage
libfile-static-Win32-Debug-v140.lib(CFileText.obj) : warning LNK4099: PDB 'libfile-static.pdb' n'a pu être trouvé avec 'libfile-static-Win32-Debug-v140.lib(CFileText.obj)' ou sur 'C:\Users\Seb\Documents\SCOLARITE\3- COURS EPSI\I4\CPP MULTITHREADING\PROJET\starter-kit-redist-v1.12\output\libfile-static.pdb' ; l'objet sera lié sans informations de débogage
libfile-static-Win32-Debug-v140.lib(CFSObject.obj) : warning LNK4099: PDB 'libfile-static.pdb' n'a pu être trouvé avec 'libfile-static-Win32-Debug-v140.lib(CFSObject.obj)' ou sur 'C:\Users\Seb\Documents\SCOLARITE\3- COURS EPSI\I4\CPP MULTITHREADING\PROJET\starter-kit-redist-v1.12\output\libfile-static.pdb' ; l'objet sera lié sans informations de débogage
libfile-static-Win32-Debug-v140.lib(COpenFileException.obj) : warning LNK4099: PDB 'libfile-static.pdb' n'a pu être trouvé avec 'libfile-static-Win32-Debug-v140.lib(COpenFileException.obj)' ou sur 'C:\Users\Seb\Documents\SCOLARITE\3- COURS EPSI\I4\CPP MULTITHREADING\PROJET\starter-kit-redist-v1.12\output\libfile-static.pdb' ; l'objet sera lié sans informations de débogage
libfile-static-Win32-Debug-v140.lib(stdafx.obj) : warning LNK4099: PDB 'libfile-static.pdb' n'a pu être trouvé avec 'libfile-static-Win32-Debug-v140.lib(stdafx.obj)' ou sur 'C:\Users\Seb\Documents\SCOLARITE\3- COURS EPSI\I4\CPP MULTITHREADING\PROJET\starter-kit-redist-v1.12\output\libfile-static.pdb' ; l'objet sera lié sans informations de débogage
  demo.vcxproj -> C:\Users\Seb\Documents\SCOLARITE\3- COURS EPSI\I4\CPP MULTITHREADING\PROJET\starter-kit-redist-v1.12\output\demo-Win32-Debug-v140.exe
